<?xml version="1.0" encoding="UTF-8"?>
<!-- Generated by org.testng.reporters.JUnitXMLReporter -->
<testsuite hostname="RamuNimmana-PC" ignored="0" name="Default test" tests="4" failures="0" timestamp="2020-07-09T22:40:14 IST" time="0.8" errors="0">
  <testcase name="PrintPlayerDetails" time="0.011" classname="com.dataprovider.DataProviderTest"/>
  <testcase name="PrintPlayerDetails" time="0.011" classname="com.dataprovider.DataProviderTest"/>
  <testcase name="PrintPlayerDetails" time="0.012" classname="com.dataprovider.DataProviderTest"/>
  <testcase name="PrintPlayerDetails" time="0.016" classname="com.dataprovider.DataProviderTest"/>
</testsuite> <!-- Default test -->
